<?xml version="1.0" encoding="UTF-8"?>
<!-- Generated by org.testng.reporters.JUnitReportReporter -->
<testsuite skipped="0" hostname="DESKTOP-D2TEAUT" name="test.PostingTitleContentTest" tests="1" failures="0" timestamp="2020-02-24T00:59:43 CST" time="22.570" errors="0">
  <testcase name="userShoulBeAbleToPost" time="22.570" classname="test.PostingTitleContentTest"/>
</testsuite> <!-- test.PostingTitleContentTest -->
