<?xml version="1.0" encoding="UTF-8"?>
<!-- Generated by org.testng.reporters.JUnitReportReporter -->
<testsuite skipped="0" hostname="DESKTOP-D2TEAUT" name="test.LoginTest" tests="1" failures="0" timestamp="2020-02-24T00:59:43 CST" time="10.987" errors="0">
  <testcase name="validUserShouldBeAbleToLogin" time="10.987" classname="test.LoginTest"/>
</testsuite> <!-- test.LoginTest -->
